<?xml version="1.0" encoding="UTF-8"?>
<testng-results skipped="0" failed="0" total="2" passed="2">
  <reporter-output>
  </reporter-output>
  <suite name="Default suite" duration-ms="47" started-at="2019-03-24T06:17:26Z" finished-at="2019-03-24T06:17:26Z">
    <groups>
    </groups>
    <test name="Default test" duration-ms="47" started-at="2019-03-24T06:17:26Z" finished-at="2019-03-24T06:17:26Z">
      <class name="math.i_Plus_Plus">
        <test-method status="PASS" signature="m1()[pri:0, instance:math.i_Plus_Plus@17ed40e0]" name="m1" duration-ms="15" started-at="2019-03-23T23:17:26Z" finished-at="2019-03-23T23:17:26Z">
          <reporter-output>
          </reporter-output>
        </test-method> <!-- m1 -->
        <test-method status="PASS" signature="m2()[pri:0, instance:math.i_Plus_Plus@17ed40e0]" name="m2" duration-ms="0" started-at="2019-03-23T23:17:26Z" finished-at="2019-03-23T23:17:26Z">
          <reporter-output>
          </reporter-output>
        </test-method> <!-- m2 -->
      </class> <!-- math.i_Plus_Plus -->
    </test> <!-- Default test -->
  </suite> <!-- Default suite -->
</testng-results>
